# JRE version: Java(TM) SE Runtime Environment (8.0_05-b13) (build 1.8.0_05-b13)
# Java VM: Java HotSpot(TM) 64-Bit Server VM (25.5-b02 mixed mode linux-amd64 compressed oops)
Heap:
 PSYoungGen      total 29696K, used 5778K [0x00000000fab00000, 0x00000000fdd00000, 0x0000000100000000)
  eden space 26624K, 10% used [0x00000000fab00000,0x00000000fadb3068,0x00000000fc500000)
  from space 3072K, 98% used [0x00000000fda00000,0x00000000fdcf18b8,0x00000000fdd00000)
  to   space 3584K, 0% used [0x00000000fd600000,0x00000000fd600000,0x00000000fd980000)
 ParOldGen       total 61952K, used 8232K [0x00000000f0000000, 0x00000000f3c80000, 0x00000000fab00000)
  object space 61952K, 13% used [0x00000000f0000000,0x00000000f080a098,0x00000000f3c80000)
 Metaspace       used 18726K, capacity 18876K, committed 19072K, reserved 1067008K
  class space    used 2074K, capacity 2126K, committed 2176K, reserved 1048576K
GC Heap History (10 events):
Event: 3,072 GC heap before
{Heap before GC invocations=12 (full 0):
 PSYoungGen      total 13312K, used 12339K [0x00000000fab00000, 0x00000000fc100000, 0x0000000100000000)
  eden space 10752K, 99% used [0x00000000fab00000,0x00000000fb57d4e0,0x00000000fb580000)
  from space 2560K, 62% used [0x00000000fb580000,0x00000000fb70f978,0x00000000fb800000)
  to   space 2560K, 0% used [0x00000000fbe80000,0x00000000fbe80000,0x00000000fc100000)
 ParOldGen       total 61952K, used 4504K [0x00000000f0000000, 0x00000000f3c80000, 0x00000000fab00000)
  object space 61952K, 7% used [0x00000000f0000000,0x00000000f04663c0,0x00000000f3c80000)
 Metaspace       used 13191K, capacity 13262K, committed 13568K, reserved 1060864K
  class space    used 1416K, capacity 1431K, committed 1536K, reserved 1048576K
Event: 3,076 GC heap after
Heap after GC invocations=12 (full 0):
 PSYoungGen      total 19968K, used 560K [0x00000000fab00000, 0x00000000fc100000, 0x0000000100000000)
  eden space 17408K, 0% used [0x00000000fab00000,0x00000000fab00000,0x00000000fbc00000)
  from space 2560K, 21% used [0x00000000fbe80000,0x00000000fbf0c040,0x00000000fc100000)
  to   space 2560K, 0% used [0x00000000fbc00000,0x00000000fbc00000,0x00000000fbe80000)
 ParOldGen       total 61952K, used 5364K [0x00000000f0000000, 0x00000000f3c80000, 0x00000000fab00000)
  object space 61952K, 8% used [0x00000000f0000000,0x00000000f053d3e8,0x00000000f3c80000)
 Metaspace       used 13191K, capacity 13262K, committed 13568K, reserved 1060864K
  class space    used 1416K, capacity 1431K, committed 1536K, reserved 1048576K
}
Event: 4,076 GC heap before
{Heap before GC invocations=13 (full 0):
 PSYoungGen      total 19968K, used 17946K [0x00000000fab00000, 0x00000000fc100000, 0x0000000100000000)
  eden space 17408K, 99% used [0x00000000fab00000,0x00000000fbbfab50,0x00000000fbc00000)
  from space 2560K, 21% used [0x00000000fbe80000,0x00000000fbf0c040,0x00000000fc100000)
  to   space 2560K, 0% used [0x00000000fbc00000,0x00000000fbc00000,0x00000000fbe80000)
 ParOldGen       total 61952K, used 5364K [0x00000000f0000000, 0x00000000f3c80000, 0x00000000fab00000)
  object space 61952K, 8% used [0x00000000f0000000,0x00000000f053d3e8,0x00000000f3c80000)
 Metaspace       used 13424K, capacity 13530K, committed 13824K, reserved 1060864K
  class space    used 1422K, capacity 1433K, committed 1536K, reserved 1048576K
Event: 4,079 GC heap after
Heap after GC invocations=13 (full 0):
 PSYoungGen      total 19968K, used 482K [0x00000000fab00000, 0x00000000fcb80000, 0x0000000100000000)
  eden space 17408K, 0% used [0x00000000fab00000,0x00000000fab00000,0x00000000fbc00000)
  from space 2560K, 18% used [0x00000000fbc00000,0x00000000fbc78918,0x00000000fbe80000)
  to   space 2560K, 0% used [0x00000000fc900000,0x00000000fc900000,0x00000000fcb80000)
 ParOldGen       total 61952K, used 5581K [0x00000000f0000000, 0x00000000f3c80000, 0x00000000fab00000)
  object space 61952K, 9% used [0x00000000f0000000,0x00000000f0573560,0x00000000f3c80000)
 Metaspace       used 13424K, capacity 13530K, committed 13824K, reserved 1060864K
  class space    used 1422K, capacity 1433K, committed 1536K, reserved 1048576K
}
Event: 4,755 GC heap before
{Heap before GC invocations=14 (full 0):
 PSYoungGen      total 19968K, used 17890K [0x00000000fab00000, 0x00000000fcb80000, 0x0000000100000000)
  eden space 17408K, 100% used [0x00000000fab00000,0x00000000fbc00000,0x00000000fbc00000)
  from space 2560K, 18% used [0x00000000fbc00000,0x00000000fbc78918,0x00000000fbe80000)
  to   space 2560K, 0% used [0x00000000fc900000,0x00000000fc900000,0x00000000fcb80000)
 ParOldGen       total 61952K, used 5581K [0x00000000f0000000, 0x00000000f3c80000, 0x00000000fab00000)
  object space 61952K, 9% used [0x00000000f0000000,0x00000000f0573560,0x00000000f3c80000)
 Metaspace       used 15448K, capacity 15562K, committed 15872K, reserved 1062912K
  class space    used 1700K, capacity 1739K, committed 1792K, reserved 1048576K
Event: 4,761 GC heap after
Heap after GC invocations=14 (full 0):
 PSYoungGen      total 30208K, used 2135K [0x00000000fab00000, 0x00000000fcc80000, 0x0000000100000000)
  eden space 27648K, 0% used [0x00000000fab00000,0x00000000fab00000,0x00000000fc600000)
  from space 2560K, 83% used [0x00000000fc900000,0x00000000fcb15df0,0x00000000fcb80000)
  to   space 3072K, 0% used [0x00000000fc600000,0x00000000fc600000,0x00000000fc900000)
 ParOldGen       total 61952K, used 5859K [0x00000000f0000000, 0x00000000f3c80000, 0x00000000fab00000)
  object space 61952K, 9% used [0x00000000f0000000,0x00000000f05b8f50,0x00000000f3c80000)
 Metaspace       used 15448K, capacity 15562K, committed 15872K, reserved 1062912K
  class space    used 1700K, capacity 1739K, committed 1792K, reserved 1048576K
}
Event: 6,847 GC heap before
{Heap before GC invocations=15 (full 0):
 PSYoungGen      total 30208K, used 29783K [0x00000000fab00000, 0x00000000fcc80000, 0x0000000100000000)
  eden space 27648K, 100% used [0x00000000fab00000,0x00000000fc600000,0x00000000fc600000)
  from space 2560K, 83% used [0x00000000fc900000,0x00000000fcb15df0,0x00000000fcb80000)
  to   space 3072K, 0% used [0x00000000fc600000,0x00000000fc600000,0x00000000fc900000)
 ParOldGen       total 61952K, used 5859K [0x00000000f0000000, 0x00000000f3c80000, 0x00000000fab00000)
  object space 61952K, 9% used [0x00000000f0000000,0x00000000f05b8f50,0x00000000f3c80000)
 Metaspace       used 17322K, capacity 17494K, committed 17920K, reserved 1064960K
  class space    used 1917K, capacity 1965K, committed 2048K, reserved 1048576K
Event: 6,856 GC heap after
Heap after GC invocations=15 (full 0):
 PSYoungGen      total 30720K, used 2809K [0x00000000fab00000, 0x00000000fdd80000, 0x0000000100000000)
  eden space 27648K, 0% used [0x00000000fab00000,0x00000000fab00000,0x00000000fc600000)
  from space 3072K, 91% used [0x00000000fc600000,0x00000000fc8be5d0,0x00000000fc900000)
  to   space 3584K, 0% used [0x00000000fda00000,0x00000000fda00000,0x00000000fdd80000)
 ParOldGen       total 61952K, used 7037K [0x00000000f0000000, 0x00000000f3c80000, 0x00000000fab00000)
  object space 61952K, 11% used [0x00000000f0000000,0x00000000f06df470,0x00000000f3c80000)
 Metaspace       used 17322K, capacity 17494K, committed 17920K, reserved 1064960K
  class space    used 1917K, capacity 1965K, committed 2048K, reserved 1048576K
}
Event: 20,610 GC heap before
{Heap before GC invocations=16 (full 0):
 PSYoungGen      total 30720K, used 30457K [0x00000000fab00000, 0x00000000fdd80000, 0x0000000100000000)
  eden space 27648K, 100% used [0x00000000fab00000,0x00000000fc600000,0x00000000fc600000)
  from space 3072K, 91% used [0x00000000fc600000,0x00000000fc8be5d0,0x00000000fc900000)
  to   space 3584K, 0% used [0x00000000fda00000,0x00000000fda00000,0x00000000fdd80000)
 ParOldGen       total 61952K, used 7037K [0x00000000f0000000, 0x00000000f3c80000, 0x00000000fab00000)
  object space 61952K, 11% used [0x00000000f0000000,0x00000000f06df470,0x00000000f3c80000)
 Metaspace       used 18517K, capacity 18716K, committed 19072K, reserved 1067008K
  class space    used 2047K, capacity 2094K, committed 2176K, reserved 1048576K
Event: 20,617 GC heap after
Heap after GC invocations=16 (full 0):
 PSYoungGen      total 29696K, used 3014K [0x00000000fab00000, 0x00000000fdd00000, 0x0000000100000000)
  eden space 26624K, 0% used [0x00000000fab00000,0x00000000fab00000,0x00000000fc500000)
  from space 3072K, 98% used [0x00000000fda00000,0x00000000fdcf18b8,0x00000000fdd00000)
  to   space 3584K, 0% used [0x00000000fd600000,0x00000000fd600000,0x00000000fd980000)
 ParOldGen       total 61952K, used 8232K [0x00000000f0000000, 0x00000000f3c80000, 0x00000000fab00000)
  object space 61952K, 13% used [0x00000000f0000000,0x00000000f080a098,0x00000000f3c80000)
 Metaspace       used 18517K, capacity 18716K, committed 19072K, reserved 1067008K
  class space    used 2047K, capacity 2094K, committed 2176K, reserved 1048576K
}

